CRITICAL - 2025-06-14 19:20:53 --> Undefined variable $nisn
in APPPATH\Controllers\Home.php on line 83.
 1 APPPATH\Controllers\Home.php(83): CodeIgniter\Debug\Exceptions->errorHandler(2, 'Undefined variable $nisn', 'C:\\xampp\\htdocs\\sistaff\\app\\Controllers\\Home.php', 83)
 2 SYSTEMPATH\CodeIgniter.php(942): App\Controllers\Home->bayar_santri('(A38)')
 3 SYSTEMPATH\CodeIgniter.php(502): CodeIgniter\CodeIgniter->runController(Object(App\Controllers\Home))
 4 SYSTEMPATH\CodeIgniter.php(361): CodeIgniter\CodeIgniter->handleRequest(null, Object(Config\Cache), false)
 5 FCPATH\index.php(79): CodeIgniter\CodeIgniter->run()
CRITICAL - 2025-06-14 19:21:01 --> Undefined variable $nisn
in APPPATH\Controllers\Home.php on line 83.
 1 APPPATH\Controllers\Home.php(83): CodeIgniter\Debug\Exceptions->errorHandler(2, 'Undefined variable $nisn', 'C:\\xampp\\htdocs\\sistaff\\app\\Controllers\\Home.php', 83)
 2 SYSTEMPATH\CodeIgniter.php(942): App\Controllers\Home->bayar_santri('(A38)')
 3 SYSTEMPATH\CodeIgniter.php(502): CodeIgniter\CodeIgniter->runController(Object(App\Controllers\Home))
 4 SYSTEMPATH\CodeIgniter.php(361): CodeIgniter\CodeIgniter->handleRequest(null, Object(Config\Cache), false)
 5 FCPATH\index.php(79): CodeIgniter\CodeIgniter->run()
CRITICAL - 2025-06-14 22:48:59 --> Too few arguments to function CodeIgniter\HTTP\URI::getSegment(), 0 passed in C:\xampp\htdocs\sistaff\app\Views\template.php on line 129 and at least 1 expected
in SYSTEMPATH\HTTP\URI.php on line 555.
 1 APPPATH\Views\template.php(129): CodeIgniter\HTTP\URI->getSegment()
 2 SYSTEMPATH\View\View.php(228): include('C:\\xampp\\htdocs\\sistaff\\app\\Views\\template.php')
 3 SYSTEMPATH\View\View.php(231): CodeIgniter\View\View->CodeIgniter\View\{closure}()
 4 SYSTEMPATH\View\View.php(244): CodeIgniter\View\View->render('template', [], true)
 5 SYSTEMPATH\Common.php(1190): CodeIgniter\View\View->render('pages/home', [], true)
 6 APPPATH\Controllers\Home.php(27): view('pages/home', [...])
 7 SYSTEMPATH\CodeIgniter.php(942): App\Controllers\Home->index()
 8 SYSTEMPATH\CodeIgniter.php(502): CodeIgniter\CodeIgniter->runController(Object(App\Controllers\Home))
 9 SYSTEMPATH\CodeIgniter.php(361): CodeIgniter\CodeIgniter->handleRequest(null, Object(Config\Cache), false)
10 FCPATH\index.php(79): CodeIgniter\CodeIgniter->run()
CRITICAL - 2025-06-14 22:49:25 --> Too few arguments to function CodeIgniter\HTTP\URI::getSegment(), 0 passed in C:\xampp\htdocs\sistaff\app\Views\template.php on line 129 and at least 1 expected
in SYSTEMPATH\HTTP\URI.php on line 555.
 1 APPPATH\Views\template.php(129): CodeIgniter\HTTP\URI->getSegment()
 2 SYSTEMPATH\View\View.php(228): include('C:\\xampp\\htdocs\\sistaff\\app\\Views\\template.php')
 3 SYSTEMPATH\View\View.php(231): CodeIgniter\View\View->CodeIgniter\View\{closure}()
 4 SYSTEMPATH\View\View.php(244): CodeIgniter\View\View->render('template', [], true)
 5 SYSTEMPATH\Common.php(1190): CodeIgniter\View\View->render('pages/home', [], true)
 6 APPPATH\Controllers\Home.php(27): view('pages/home', [...])
 7 SYSTEMPATH\CodeIgniter.php(942): App\Controllers\Home->index()
 8 SYSTEMPATH\CodeIgniter.php(502): CodeIgniter\CodeIgniter->runController(Object(App\Controllers\Home))
 9 SYSTEMPATH\CodeIgniter.php(361): CodeIgniter\CodeIgniter->handleRequest(null, Object(Config\Cache), false)
10 FCPATH\index.php(79): CodeIgniter\CodeIgniter->run()
CRITICAL - 2025-06-14 22:54:20 --> Too few arguments to function CodeIgniter\HTTP\URI::getSegment(), 0 passed in C:\xampp\htdocs\sistaff\app\Views\template.php on line 129 and at least 1 expected
in SYSTEMPATH\HTTP\URI.php on line 555.
 1 APPPATH\Views\template.php(129): CodeIgniter\HTTP\URI->getSegment()
 2 SYSTEMPATH\View\View.php(228): include('C:\\xampp\\htdocs\\sistaff\\app\\Views\\template.php')
 3 SYSTEMPATH\View\View.php(231): CodeIgniter\View\View->CodeIgniter\View\{closure}()
 4 SYSTEMPATH\View\View.php(244): CodeIgniter\View\View->render('template', [], true)
 5 SYSTEMPATH\Common.php(1190): CodeIgniter\View\View->render('pages/pembayaran', [], true)
 6 APPPATH\Controllers\Home.php(50): view('pages/pembayaran', [...])
 7 SYSTEMPATH\CodeIgniter.php(942): App\Controllers\Home->pembayaran()
 8 SYSTEMPATH\CodeIgniter.php(502): CodeIgniter\CodeIgniter->runController(Object(App\Controllers\Home))
 9 SYSTEMPATH\CodeIgniter.php(361): CodeIgniter\CodeIgniter->handleRequest(null, Object(Config\Cache), false)
10 FCPATH\index.php(79): CodeIgniter\CodeIgniter->run()
CRITICAL - 2025-06-14 22:56:25 --> Request URI segment is out of range: "2"
in SYSTEMPATH\HTTP\URI.php on line 562.
 1 SYSTEMPATH\HTTP\URI.php(562): CodeIgniter\HTTP\Exceptions\HTTPException::forURISegmentOutOfRange(2)
 2 APPPATH\Views\template.php(130): CodeIgniter\HTTP\URI->getSegment(2)
 3 SYSTEMPATH\View\View.php(228): include('C:\\xampp\\htdocs\\sistaff\\app\\Views\\template.php')
 4 SYSTEMPATH\View\View.php(231): CodeIgniter\View\View->CodeIgniter\View\{closure}()
 5 SYSTEMPATH\View\View.php(244): CodeIgniter\View\View->render('template', [], true)
 6 SYSTEMPATH\Common.php(1190): CodeIgniter\View\View->render('pages/home', [], true)
 7 APPPATH\Controllers\Home.php(27): view('pages/home', [...])
 8 SYSTEMPATH\CodeIgniter.php(942): App\Controllers\Home->index()
 9 SYSTEMPATH\CodeIgniter.php(502): CodeIgniter\CodeIgniter->runController(Object(App\Controllers\Home))
10 SYSTEMPATH\CodeIgniter.php(361): CodeIgniter\CodeIgniter->handleRequest(null, Object(Config\Cache), false)
11 FCPATH\index.php(79): CodeIgniter\CodeIgniter->run()
CRITICAL - 2025-06-14 22:56:27 --> Request URI segment is out of range: "2"
in SYSTEMPATH\HTTP\URI.php on line 562.
 1 SYSTEMPATH\HTTP\URI.php(562): CodeIgniter\HTTP\Exceptions\HTTPException::forURISegmentOutOfRange(2)
 2 APPPATH\Views\template.php(130): CodeIgniter\HTTP\URI->getSegment(2)
 3 SYSTEMPATH\View\View.php(228): include('C:\\xampp\\htdocs\\sistaff\\app\\Views\\template.php')
 4 SYSTEMPATH\View\View.php(231): CodeIgniter\View\View->CodeIgniter\View\{closure}()
 5 SYSTEMPATH\View\View.php(244): CodeIgniter\View\View->render('template', [], true)
 6 SYSTEMPATH\Common.php(1190): CodeIgniter\View\View->render('pages/home', [], true)
 7 APPPATH\Controllers\Home.php(27): view('pages/home', [...])
 8 SYSTEMPATH\CodeIgniter.php(942): App\Controllers\Home->index()
 9 SYSTEMPATH\CodeIgniter.php(502): CodeIgniter\CodeIgniter->runController(Object(App\Controllers\Home))
10 SYSTEMPATH\CodeIgniter.php(361): CodeIgniter\CodeIgniter->handleRequest(null, Object(Config\Cache), false)
11 FCPATH\index.php(79): CodeIgniter\CodeIgniter->run()
CRITICAL - 2025-06-14 22:56:33 --> Request URI segment is out of range: "2"
in SYSTEMPATH\HTTP\URI.php on line 562.
 1 SYSTEMPATH\HTTP\URI.php(562): CodeIgniter\HTTP\Exceptions\HTTPException::forURISegmentOutOfRange(2)
 2 APPPATH\Views\template.php(130): CodeIgniter\HTTP\URI->getSegment(2)
 3 SYSTEMPATH\View\View.php(228): include('C:\\xampp\\htdocs\\sistaff\\app\\Views\\template.php')
 4 SYSTEMPATH\View\View.php(231): CodeIgniter\View\View->CodeIgniter\View\{closure}()
 5 SYSTEMPATH\View\View.php(244): CodeIgniter\View\View->render('template', [], true)
 6 SYSTEMPATH\Common.php(1190): CodeIgniter\View\View->render('pages/home', [], true)
 7 APPPATH\Controllers\Home.php(27): view('pages/home', [...])
 8 SYSTEMPATH\CodeIgniter.php(942): App\Controllers\Home->index()
 9 SYSTEMPATH\CodeIgniter.php(502): CodeIgniter\CodeIgniter->runController(Object(App\Controllers\Home))
10 SYSTEMPATH\CodeIgniter.php(361): CodeIgniter\CodeIgniter->handleRequest(null, Object(Config\Cache), false)
11 FCPATH\index.php(79): CodeIgniter\CodeIgniter->run()
CRITICAL - 2025-06-14 23:21:10 --> Cannot access offset of type string on string
in APPPATH\Views\pages\insert.php on line 13.
 1 SYSTEMPATH\View\View.php(228): include()
 2 SYSTEMPATH\View\View.php(231): CodeIgniter\View\View->CodeIgniter\View\{closure}()
 3 SYSTEMPATH\Common.php(1190): CodeIgniter\View\View->render('pages/insert', [], true)
 4 APPPATH\Controllers\Home.php(84): view('pages/insert', [...])
 5 SYSTEMPATH\CodeIgniter.php(942): App\Controllers\Home->bayar_santri('A38')
 6 SYSTEMPATH\CodeIgniter.php(502): CodeIgniter\CodeIgniter->runController(Object(App\Controllers\Home))
 7 SYSTEMPATH\CodeIgniter.php(361): CodeIgniter\CodeIgniter->handleRequest(null, Object(Config\Cache), false)
 8 FCPATH\index.php(79): CodeIgniter\CodeIgniter->run()
CRITICAL - 2025-06-14 23:34:20 --> Undefined array key "tunggakants"
in APPPATH\Views\pages\insert.php on line 8.
 1 APPPATH\Views\pages\insert.php(8): CodeIgniter\Debug\Exceptions->errorHandler(2, 'Undefined array key "tunggakants"', 'C:\\xampp\\htdocs\\sistaff\\app\\Views\\pages\\insert.php', 8)
 2 SYSTEMPATH\View\View.php(228): include('C:\\xampp\\htdocs\\sistaff\\app\\Views\\pages\\insert.php')
 3 SYSTEMPATH\View\View.php(231): CodeIgniter\View\View->CodeIgniter\View\{closure}()
 4 SYSTEMPATH\Common.php(1190): CodeIgniter\View\View->render('pages/insert', [], true)
 5 APPPATH\Controllers\Home.php(84): view('pages/insert', [...])
 6 SYSTEMPATH\CodeIgniter.php(942): App\Controllers\Home->bayar_santri('A19')
 7 SYSTEMPATH\CodeIgniter.php(502): CodeIgniter\CodeIgniter->runController(Object(App\Controllers\Home))
 8 SYSTEMPATH\CodeIgniter.php(361): CodeIgniter\CodeIgniter->handleRequest(null, Object(Config\Cache), false)
 9 FCPATH\index.php(79): CodeIgniter\CodeIgniter->run()
CRITICAL - 2025-06-14 23:34:49 --> Undefined array key "ts"
in APPPATH\Views\pages\insert.php on line 8.
 1 APPPATH\Views\pages\insert.php(8): CodeIgniter\Debug\Exceptions->errorHandler(2, 'Undefined array key "ts"', 'C:\\xampp\\htdocs\\sistaff\\app\\Views\\pages\\insert.php', 8)
 2 SYSTEMPATH\View\View.php(228): include('C:\\xampp\\htdocs\\sistaff\\app\\Views\\pages\\insert.php')
 3 SYSTEMPATH\View\View.php(231): CodeIgniter\View\View->CodeIgniter\View\{closure}()
 4 SYSTEMPATH\Common.php(1190): CodeIgniter\View\View->render('pages/insert', [], true)
 5 APPPATH\Controllers\Home.php(84): view('pages/insert', [...])
 6 SYSTEMPATH\CodeIgniter.php(942): App\Controllers\Home->bayar_santri('A19')
 7 SYSTEMPATH\CodeIgniter.php(502): CodeIgniter\CodeIgniter->runController(Object(App\Controllers\Home))
 8 SYSTEMPATH\CodeIgniter.php(361): CodeIgniter\CodeIgniter->handleRequest(null, Object(Config\Cache), false)
 9 FCPATH\index.php(79): CodeIgniter\CodeIgniter->run()
CRITICAL - 2025-06-14 23:34:56 --> Undefined array key "tdu"
in APPPATH\Views\pages\insert.php on line 8.
 1 APPPATH\Views\pages\insert.php(8): CodeIgniter\Debug\Exceptions->errorHandler(2, 'Undefined array key "tdu"', 'C:\\xampp\\htdocs\\sistaff\\app\\Views\\pages\\insert.php', 8)
 2 SYSTEMPATH\View\View.php(228): include('C:\\xampp\\htdocs\\sistaff\\app\\Views\\pages\\insert.php')
 3 SYSTEMPATH\View\View.php(231): CodeIgniter\View\View->CodeIgniter\View\{closure}()
 4 SYSTEMPATH\Common.php(1190): CodeIgniter\View\View->render('pages/insert', [], true)
 5 APPPATH\Controllers\Home.php(84): view('pages/insert', [...])
 6 SYSTEMPATH\CodeIgniter.php(942): App\Controllers\Home->bayar_santri('A19')
 7 SYSTEMPATH\CodeIgniter.php(502): CodeIgniter\CodeIgniter->runController(Object(App\Controllers\Home))
 8 SYSTEMPATH\CodeIgniter.php(361): CodeIgniter\CodeIgniter->handleRequest(null, Object(Config\Cache), false)
 9 FCPATH\index.php(79): CodeIgniter\CodeIgniter->run()
