CRITICAL - 2025-06-15 00:19:06 --> Undefined variable $history
in APPPATH\Views\pages\insert.php on line 18.
 1 APPPATH\Views\pages\insert.php(18): CodeIgniter\Debug\Exceptions->errorHandler(2, 'Undefined variable $history', 'C:\\xampp\\htdocs\\sistaff\\app\\Views\\pages\\insert.php', 18)
 2 SYSTEMPATH\View\View.php(228): include('C:\\xampp\\htdocs\\sistaff\\app\\Views\\pages\\insert.php')
 3 SYSTEMPATH\View\View.php(231): CodeIgniter\View\View->CodeIgniter\View\{closure}()
 4 SYSTEMPATH\Common.php(1190): CodeIgniter\View\View->render('pages/insert', [], true)
 5 APPPATH\Controllers\Home.php(89): view('pages/insert', [...])
 6 SYSTEMPATH\CodeIgniter.php(942): App\Controllers\Home->bayar_santri('A19')
 7 SYSTEMPATH\CodeIgniter.php(502): CodeIgniter\CodeIgniter->runController(Object(App\Controllers\Home))
 8 SYSTEMPATH\CodeIgniter.php(361): CodeIgniter\CodeIgniter->handleRequest(null, Object(Config\Cache), false)
 9 FCPATH\index.php(79): CodeIgniter\CodeIgniter->run()
CRITICAL - 2025-06-15 00:19:41 --> Undefined variable $history
in APPPATH\Views\pages\insert.php on line 18.
 1 APPPATH\Views\pages\insert.php(18): CodeIgniter\Debug\Exceptions->errorHandler(2, 'Undefined variable $history', 'C:\\xampp\\htdocs\\sistaff\\app\\Views\\pages\\insert.php', 18)
 2 SYSTEMPATH\View\View.php(228): include('C:\\xampp\\htdocs\\sistaff\\app\\Views\\pages\\insert.php')
 3 SYSTEMPATH\View\View.php(231): CodeIgniter\View\View->CodeIgniter\View\{closure}()
 4 SYSTEMPATH\Common.php(1190): CodeIgniter\View\View->render('pages/insert', [], true)
 5 APPPATH\Controllers\Home.php(89): view('pages/insert', [...])
 6 SYSTEMPATH\CodeIgniter.php(942): App\Controllers\Home->bayar_santri('A19')
 7 SYSTEMPATH\CodeIgniter.php(502): CodeIgniter\CodeIgniter->runController(Object(App\Controllers\Home))
 8 SYSTEMPATH\CodeIgniter.php(361): CodeIgniter\CodeIgniter->handleRequest(null, Object(Config\Cache), false)
 9 FCPATH\index.php(79): CodeIgniter\CodeIgniter->run()
CRITICAL - 2025-06-15 00:27:31 --> Undefined variable $history
in APPPATH\Views\pages\insert.php on line 20.
 1 APPPATH\Views\pages\insert.php(20): CodeIgniter\Debug\Exceptions->errorHandler(2, 'Undefined variable $history', 'C:\\xampp\\htdocs\\sistaff\\app\\Views\\pages\\insert.php', 20)
 2 SYSTEMPATH\View\View.php(228): include('C:\\xampp\\htdocs\\sistaff\\app\\Views\\pages\\insert.php')
 3 SYSTEMPATH\View\View.php(231): CodeIgniter\View\View->CodeIgniter\View\{closure}()
 4 SYSTEMPATH\Common.php(1190): CodeIgniter\View\View->render('pages/insert', [], true)
 5 APPPATH\Controllers\Home.php(89): view('pages/insert', [...])
 6 SYSTEMPATH\CodeIgniter.php(942): App\Controllers\Home->bayar_santri('A19')
 7 SYSTEMPATH\CodeIgniter.php(502): CodeIgniter\CodeIgniter->runController(Object(App\Controllers\Home))
 8 SYSTEMPATH\CodeIgniter.php(361): CodeIgniter\CodeIgniter->handleRequest(null, Object(Config\Cache), false)
 9 FCPATH\index.php(79): CodeIgniter\CodeIgniter->run()
